<?xml version="1.0" encoding="UTF-8"?>
<testsuite xmlns:xsi="http://www.w3.org/2001/XMLSchema-instance" xsi:noNamespaceSchemaLocation="https://maven.apache.org/surefire/maven-surefire-plugin/xsd/surefire-test-report.xsd" name="TestSuite" time="0.729" tests="10" errors="0" skipped="9" failures="1">
  <properties>
[...]
</properties>
  <testcase name="setUp" classname="test.cases.LoginAppValidation" time="0.597">
    <failure message="Connection refused&#10;Build info: version: &apos;3.141.59&apos;, revision: &apos;e82be7d358&apos;, time: &apos;2018-11-14T08:17:03&apos;&#10;System info: host: &apos;IN-LYQPY64XJ9&apos;, ip: &apos;2407:ff00:12:1ea:8c99:e3cb:2e95:9e55%en0&apos;, os.name: &apos;Mac OS X&apos;, os.arch: &apos;aarch64&apos;, os.version: &apos;13.6.4&apos;, java.version: &apos;21.0.2&apos;&#10;Driver info: driver.version: AppiumDriver" type="org.openqa.selenium.WebDriverException">org.openqa.selenium.WebDriverException: 
Connection refused
Build info: version: '3.141.59', revision: 'e82be7d358', time: '2018-11-14T08:17:03'
System info: host: 'IN-LYQPY64XJ9', ip: '2407:ff00:12:1ea:8c99:e3cb:2e95:9e55%en0', os.name: 'Mac OS X', os.arch: 'aarch64', os.version: '13.6.4', java.version: '21.0.2'
Driver info: driver.version: AppiumDriver
	at test.cases.LoginAppValidation.setUp(LoginAppValidation.java:61)
Caused by: java.net.ConnectException: Connection refused
	at test.cases.LoginAppValidation.setUp(LoginAppValidation.java:61)
</failure>
    <system-out><![CDATA[DAZN App Automation test report_Wed_Feb_07_22_12_07_IST_2024.html
]]></system-out>
  </testcase>
  <testcase name="Allow" classname="test.cases.LoginAppValidation" time="0">
    <skipped message="Connection refused&#10;Build info: version: &apos;3.141.59&apos;, revision: &apos;e82be7d358&apos;, time: &apos;2018-11-14T08:17:03&apos;&#10;System info: host: &apos;IN-LYQPY64XJ9&apos;, ip: &apos;2407:ff00:12:1ea:8c99:e3cb:2e95:9e55%en0&apos;, os.name: &apos;Mac OS X&apos;, os.arch: &apos;aarch64&apos;, os.version: &apos;13.6.4&apos;, java.version: &apos;21.0.2&apos;&#10;Driver info: driver.version: AppiumDriver"/>
  </testcase>
  <testcase name="tearDown" classname="test.cases.LoginAppValidation" time="0">
    <skipped/>
  </testcase>
  <testcase name="tearDown" classname="test.cases.LoginAppValidation" time="0">
    <skipped/>
  </testcase>
  <testcase name="tearDown" classname="test.cases.LoginAppValidation" time="0">
    <skipped/>
  </testcase>
  <testcase name="tearDown" classname="test.cases.LoginAppValidation" time="0">
    <skipped/>
  </testcase>
  <testcase name="user" classname="test.cases.LoginAppValidation" time="0">
    <skipped message="Connection refused&#10;Build info: version: &apos;3.141.59&apos;, revision: &apos;e82be7d358&apos;, time: &apos;2018-11-14T08:17:03&apos;&#10;System info: host: &apos;IN-LYQPY64XJ9&apos;, ip: &apos;2407:ff00:12:1ea:8c99:e3cb:2e95:9e55%en0&apos;, os.name: &apos;Mac OS X&apos;, os.arch: &apos;aarch64&apos;, os.version: &apos;13.6.4&apos;, java.version: &apos;21.0.2&apos;&#10;Driver info: driver.version: AppiumDriver"/>
  </testcase>
  <testcase name="password" classname="test.cases.LoginAppValidation" time="0">
    <skipped message="Connection refused&#10;Build info: version: &apos;3.141.59&apos;, revision: &apos;e82be7d358&apos;, time: &apos;2018-11-14T08:17:03&apos;&#10;System info: host: &apos;IN-LYQPY64XJ9&apos;, ip: &apos;2407:ff00:12:1ea:8c99:e3cb:2e95:9e55%en0&apos;, os.name: &apos;Mac OS X&apos;, os.arch: &apos;aarch64&apos;, os.version: &apos;13.6.4&apos;, java.version: &apos;21.0.2&apos;&#10;Driver info: driver.version: AppiumDriver"/>
  </testcase>
  <testcase name="lgnBtn" classname="test.cases.LoginAppValidation" time="0">
    <skipped message="Connection refused&#10;Build info: version: &apos;3.141.59&apos;, revision: &apos;e82be7d358&apos;, time: &apos;2018-11-14T08:17:03&apos;&#10;System info: host: &apos;IN-LYQPY64XJ9&apos;, ip: &apos;2407:ff00:12:1ea:8c99:e3cb:2e95:9e55%en0&apos;, os.name: &apos;Mac OS X&apos;, os.arch: &apos;aarch64&apos;, os.version: &apos;13.6.4&apos;, java.version: &apos;21.0.2&apos;&#10;Driver info: driver.version: AppiumDriver"/>
  </testcase>
  <testcase name="suiteTearDown" classname="test.cases.LoginAppValidation" time="0">
    <skipped/>
  </testcase>
</testsuite>